[13-Jun-2024 16:21:56] NOTICE: fpm is running, pid 1705
[13-Jun-2024 16:21:56] NOTICE: ready to handle connections
[18-Jun-2024 21:52:25] NOTICE: Terminating ...
[18-Jun-2024 21:52:25] NOTICE: Terminating ...
[18-Jun-2024 21:52:25] NOTICE: exiting, bye-bye!
[19-Jun-2024 09:39:48] NOTICE: fpm is running, pid 93566
[19-Jun-2024 09:39:48] NOTICE: ready to handle connections
[20-Jun-2024 20:39:52] NOTICE: Terminating ...
[20-Jun-2024 20:39:52] NOTICE: Terminating ...
[20-Jun-2024 20:39:52] NOTICE: exiting, bye-bye!
[03-Jul-2024 10:52:18] NOTICE: fpm is running, pid 39273
[03-Jul-2024 10:52:18] NOTICE: ready to handle connections
[04-Jul-2024 23:07:52] NOTICE: Terminating ...
[04-Jul-2024 23:07:52] NOTICE: Terminating ...
[04-Jul-2024 23:07:52] NOTICE: exiting, bye-bye!
[07-Jul-2024 12:24:44] NOTICE: fpm is running, pid 7418
[07-Jul-2024 12:24:44] NOTICE: ready to handle connections
[08-Jul-2024 08:13:14] NOTICE: Terminating ...
[08-Jul-2024 08:13:14] NOTICE: Terminating ...
[08-Jul-2024 08:13:14] NOTICE: exiting, bye-bye!
[15-Aug-2024 23:37:12] NOTICE: fpm is running, pid 14350
[15-Aug-2024 23:37:12] NOTICE: ready to handle connections
[15-Aug-2024 23:37:55] NOTICE: Terminating ...
[15-Aug-2024 23:37:55] NOTICE: Terminating ...
[15-Aug-2024 23:37:55] NOTICE: exiting, bye-bye!
[15-Aug-2024 23:38:01] NOTICE: fpm is running, pid 14513
[15-Aug-2024 23:38:01] NOTICE: ready to handle connections
[15-Aug-2024 23:54:44] NOTICE: Terminating ...
[15-Aug-2024 23:54:44] NOTICE: Terminating ...
[15-Aug-2024 23:54:44] NOTICE: exiting, bye-bye!
[15-Aug-2024 23:56:53] NOTICE: fpm is running, pid 17532
[15-Aug-2024 23:56:53] NOTICE: ready to handle connections
[16-Aug-2024 00:00:20] NOTICE: Terminating ...
[16-Aug-2024 00:00:20] NOTICE: Terminating ...
[16-Aug-2024 00:00:20] NOTICE: exiting, bye-bye!
[16-Aug-2024 00:00:27] NOTICE: fpm is running, pid 18043
[16-Aug-2024 00:00:27] NOTICE: ready to handle connections
[16-Aug-2024 00:32:34] NOTICE: Terminating ...
[16-Aug-2024 00:32:34] NOTICE: Terminating ...
[16-Aug-2024 00:32:34] NOTICE: exiting, bye-bye!
